<?xml version="1.0" encoding="UTF-8" ?>
<testsuite errors="0" failures="0" hostname="nick-laiaconas-computer.local" name="org.nines.NinesStatementHandlerTest" tests="3" time="0.245" timestamp="2007-11-21T15:54:04">
  <properties>
[...]
</properties>
  <testcase classname="org.nines.NinesStatementHandlerTest" name="testAddField" time="0.057" />
  <testcase classname="org.nines.NinesStatementHandlerTest" name="testYearParsing" time="0.0020" />
  <testcase classname="org.nines.NinesStatementHandlerTest" name="testUnknownYears" time="0.0010" />
  <system-out><![CDATA[]]></system-out>
  <system-err><![CDATA[]]></system-err>
</testsuite>
